[2022-06-15 05:27:08] [1] [WARN] Reporting disabled: using no op test run registrar
[2022-06-15 05:27:08] [1] [INFO] 
============= Test configuration =============
url=http://192.168.88.216:4723/wd/hub
env=DEMO
max_driver_count=3
proxy_protocols=http,https,ftp
browsermob_port=0
auto_screenshot=true
explicit_timeout=60
retry_interval=5
project_report_directory=./reports
max_screen_history=10
big_screen_width=-1
big_screen_height=-1
init_retry_count=0
init_retry_interval=1
retry_count=0
locale=en_US
thread_count=-1
data_provider_thread_count=-1
core_log_level=INFO
log_all_json=true
date_format=HH:mm:ss yyyy-MM-dd
time_format=HH:mm:ss
test_naming_pattern={method_name}
element_loading_strategy=BY_PRESENCE_OR_VISIBILITY
page_opening_strategy=BY_URL_AND_ELEMENT
localization_encoding=UTF-8
localization_testing=false
default_device_timezone=GMT
default_device_time_format=24
default_device_language=en_US
selenium_url=

------------- Driver capabilities -----------
capabilities.deviceName=emulator-5554
capabilities.appPackage=com.comviva.applyloanfma.demo
capabilities.appActivity=com.comviva.applyloanfma.demo.MainActivity
capabilities.automationName=uiautomator2
capabilities.newCommandTimeout=newCommandTimeout
capabilities.app=https://qaprosoft.s3-us-west-2.amazonaws.com/carinademoexample.apk
capabilities.platformName=ANDROID
capabilities.deviceType=Android
capabilities.udid=<phone_udid>
================================================

[2022-06-15 05:27:08] [1] [WARN] Reporting disabled: using no op test run registrar
[2022-06-15 05:27:09] [1] [INFO] Reflections took 598 ms to scan 8 urls, producing 2382 keys and 11592 values 
[2022-06-15 05:27:09] [1] [INFO] [TestNG] Running:
  C:\Users\amirk\AppData\Local\JetBrains\IdeaIC2021.3\temp-testng-customsuite.xml

[2022-06-15 05:27:09] [1] [INFO] There are no any rules and limitations
[2022-06-15 05:27:09] [1] [INFO] Set thread-count=1
[2022-06-15 05:27:09] [1] [INFO] Set data-provider-thread-count=1
[2022-06-15 05:27:09] [1] [ERROR] Failed to attach artifact reference 'app' to test run because it has not been started yet.
[2022-06-15 05:27:09] [1] [INFO] CARINA_CORE_VERSION: 7.3.20
[2022-06-15 05:27:09] [1] [INFO] ----Before Method Started
[2022-06-15 05:27:09] [1] [INFO] Starting driver session...
[2022-06-15 05:27:17] [1] [INFO] Driver session started.
[2022-06-15 05:28:10] [1] [ERROR] ExecutionException error detected on capture full screenshot!
[2022-06-15 05:28:10] [1] [ERROR] TEST [DBXP-Comviva - testApplyLoanForBusinessOwnerEmployedType_AUTO_TC_004 [L01]] FAILED at [10:58:10 2022-06-15] - java.util.concurrent.ExecutionException: java.lang.NoClassDefFoundError: org/testng/internal/InstanceCreator

org.testng.internal.PoolService.submitTasksAndWait(PoolService.java:52)
org.testng.internal.invokers.MethodRunner.runInParallel(MethodRunner.java:132)
org.testng.internal.invokers.TestInvoker$MethodInvocationAgent.invoke(TestInvoker.java:951)
org.testng.internal.invokers.TestInvoker.invokeTestMethods(TestInvoker.java:194)
org.testng.internal.invokers.TestMethodWorker.invokeTestMethods(TestMethodWorker.java:148)
org.testng.internal.invokers.TestMethodWorker.run(TestMethodWorker.java:128)
java.base/java.util.ArrayList.forEach(ArrayList.java:1541)
org.testng.TestRunner.privateRun(TestRunner.java:806)
org.testng.TestRunner.run(TestRunner.java:601)
org.testng.SuiteRunner.runTest(SuiteRunner.java:433)
org.testng.SuiteRunner.runSequentially(SuiteRunner.java:427)
org.testng.SuiteRunner.privateRun(SuiteRunner.java:387)
org.testng.SuiteRunner.run(SuiteRunner.java:330)
org.testng.SuiteRunnerWorker.runSuite(SuiteRunnerWorker.java:52)
org.testng.SuiteRunnerWorker.run(SuiteRunnerWorker.java:95)
org.testng.TestNG.runSuitesSequentially(TestNG.java:1256)
org.testng.TestNG.runSuitesLocally(TestNG.java:1176)
org.testng.TestNG.runSuites(TestNG.java:1099)
org.testng.TestNG.run(TestNG.java:1067)
com.intellij.rt.testng.IDEARemoteTestNG.run(IDEARemoteTestNG.java:66)
com.intellij.rt.testng.RemoteTestNGStarter.main(RemoteTestNGStarter.java:109)
[2022-06-15 05:28:11] [1] [ERROR] ExecutionException: Unable to quit driver!
[2022-06-15 05:28:11] [1] [INFO] INFO: '**************** Test execution summary ****************'.
[2022-06-15 05:28:11] [1] [INFO] RESULT #1: TEST [DBXP-Comviva - testApplyLoanForBusinessOwnerEmployedType_AUTO_TC_004 [L01]] FAIL [log=file://C:\Users\amirk\IdeaProjects\DBXP-Comviva\.\reports\1655270828661/1655270828661/test.log]
